This is pdfTeX, Version 3.141592653-2.6-1.40.28 (TeX Live 2025) (preloaded format=pdflatex 2026.2.24)  28 APR 2026 11:55
entering extended mode
 restricted \write18 enabled.
 %&-line parsing enabled.
**FinalProjectDraft.tex
(./FinalProjectDraft.tex
LaTeX2e <2025-11-01>
L3 programming layer <2026-01-19>
(/Users/dom05/Library/TinyTeX/texmf-dist/tex/latex/base/article.cls
Document Class: article 2025/01/22 v1.4n Standard LaTeX document class
(/Users/dom05/Library/TinyTeX/texmf-dist/tex/latex/base/size11.clo
File: size11.clo 2025/01/22 v1.4n Standard LaTeX file (size option)
)
\c@part=\count275
\c@section=\count276
\c@subsection=\count277
\c@subsubsection=\count278
\c@paragraph=\count279
\c@subparagraph=\count280
\c@figure=\count281
\c@table=\count282
\abovecaptionskip=\skip49
\belowcaptionskip=\skip50
\bibindent=\dimen148
) (/Users/dom05/Library/TinyTeX/texmf-dist/tex/latex/amsmath/amsmath.sty
Package: amsmath 2025/07/09 v2.17z AMS math features
\@mathmargin=\skip51
For additional information on amsmath, use the `?' option.
(/Users/dom05/Library/TinyTeX/texmf-dist/tex/latex/amsmath/amstext.sty
Package: amstext 2024/11/17 v2.01 AMS text
(/Users/dom05/Library/TinyTeX/texmf-dist/tex/latex/amsmath/amsgen.sty
File: amsgen.sty 1999/11/30 v2.0 generic functions
\@emptytoks=\toks17
\ex@=\dimen149
)) (/Users/dom05/Library/TinyTeX/texmf-dist/tex/latex/amsmath/amsbsy.sty
Package: amsbsy 1999/11/29 v1.2d Bold Symbols
\pmbraise@=\dimen150
) (/Users/dom05/Library/TinyTeX/texmf-dist/tex/latex/amsmath/amsopn.sty
Package: amsopn 2022/04/08 v2.04 operator names
)
\inf@bad=\count283
LaTeX Info: Redefining \frac on input line 233.
\uproot@=\count284
\leftroot@=\count285
LaTeX Info: Redefining \overline on input line 398.
LaTeX Info: Redefining \colon on input line 409.
\classnum@=\count286
\DOTSCASE@=\count287
LaTeX Info: Redefining \ldots on input line 495.
LaTeX Info: Redefining \dots on input line 498.
LaTeX Info: Redefining \cdots on input line 619.
\Mathstrutbox@=\box53
\strutbox@=\box54
LaTeX Info: Redefining \big on input line 721.
LaTeX Info: Redefining \Big on input line 722.
LaTeX Info: Redefining \bigg on input line 723.
LaTeX Info: Redefining \Bigg on input line 724.
\big@size=\dimen151
LaTeX Font Info:    Redeclaring font encoding OML on input line 742.
LaTeX Font Info:    Redeclaring font encoding OMS on input line 743.
\macc@depth=\count288
LaTeX Info: Redefining \bmod on input line 904.
LaTeX Info: Redefining \pmod on input line 909.
LaTeX Info: Redefining \smash on input line 939.
LaTeX Info: Redefining \relbar on input line 969.
LaTeX Info: Redefining \Relbar on input line 970.
\c@MaxMatrixCols=\count289
\dotsspace@=\muskip17
\c@parentequation=\count290
\dspbrk@lvl=\count291
\tag@help=\toks18
\row@=\count292
\column@=\count293
\maxfields@=\count294
\andhelp@=\toks19
\eqnshift@=\dimen152
\alignsep@=\dimen153
\tagshift@=\dimen154
\tagwidth@=\dimen155
\totwidth@=\dimen156
\lineht@=\dimen157
\@envbody=\toks20
\multlinegap=\skip52
\multlinetaggap=\skip53
\mathdisplay@stack=\toks21
LaTeX Info: Redefining \[ on input line 2950.
LaTeX Info: Redefining \] on input line 2951.
) (/Users/dom05/Library/TinyTeX/texmf-dist/tex/latex/amsfonts/amssymb.sty
Package: amssymb 2013/01/14 v3.01 AMS font symbols
(/Users/dom05/Library/TinyTeX/texmf-dist/tex/latex/amsfonts/amsfonts.sty
Package: amsfonts 2013/01/14 v3.01 Basic AMSFonts support
\symAMSa=\mathgroup4
\symAMSb=\mathgroup5
LaTeX Font Info:    Redeclaring math symbol \hbar on input line 98.
LaTeX Font Info:    Overwriting math alphabet `\mathfrak' in version `bold'
(Font)                  U/euf/m/n --> U/euf/b/n on input line 106.
)) (/Users/dom05/Library/TinyTeX/texmf-dist/tex/generic/iftex/iftex.sty
Package: iftex 2024/12/12 v1.0g TeX engine tests
) (/Users/dom05/Library/TinyTeX/texmf-dist/tex/latex/base/fontenc.sty
Package: fontenc 2025/07/18 v2.1d Standard LaTeX package
) (/Users/dom05/Library/TinyTeX/texmf-dist/tex/latex/base/inputenc.sty
Package: inputenc 2024/02/08 v1.3d Input encoding file
\inpenc@prehook=\toks22
\inpenc@posthook=\toks23
) (/Users/dom05/Library/TinyTeX/texmf-dist/tex/latex/base/textcomp.sty
Package: textcomp 2024/04/24 v2.1b Standard LaTeX package
) (/Users/dom05/Library/TinyTeX/texmf-dist/tex/latex/lm/lmodern.sty
Package: lmodern 2015/05/01 v1.6.1 Latin Modern Fonts
LaTeX Font Info:    Overwriting symbol font `operators' in version `normal'
(Font)                  OT1/cmr/m/n --> OT1/lmr/m/n on input line 22.
LaTeX Font Info:    Overwriting symbol font `letters' in version `normal'
(Font)                  OML/cmm/m/it --> OML/lmm/m/it on input line 23.
LaTeX Font Info:    Overwriting symbol font `symbols' in version `normal'
(Font)                  OMS/cmsy/m/n --> OMS/lmsy/m/n on input line 24.
LaTeX Font Info:    Overwriting symbol font `largesymbols' in version `normal'
(Font)                  OMX/cmex/m/n --> OMX/lmex/m/n on input line 25.
LaTeX Font Info:    Overwriting symbol font `operators' in version `bold'
(Font)                  OT1/cmr/bx/n --> OT1/lmr/bx/n on input line 26.
LaTeX Font Info:    Overwriting symbol font `letters' in version `bold'
(Font)                  OML/cmm/b/it --> OML/lmm/b/it on input line 27.
LaTeX Font Info:    Overwriting symbol font `symbols' in version `bold'
(Font)                  OMS/cmsy/b/n --> OMS/lmsy/b/n on input line 28.
LaTeX Font Info:    Overwriting symbol font `largesymbols' in version `bold'
(Font)                  OMX/cmex/m/n --> OMX/lmex/m/n on input line 29.
LaTeX Font Info:    Overwriting math alphabet `\mathbf' in version `normal'
(Font)                  OT1/cmr/bx/n --> OT1/lmr/bx/n on input line 31.
LaTeX Font Info:    Overwriting math alphabet `\mathsf' in version `normal'
(Font)                  OT1/cmss/m/n --> OT1/lmss/m/n on input line 32.
LaTeX Font Info:    Overwriting math alphabet `\mathit' in version `normal'
(Font)                  OT1/cmr/m/it --> OT1/lmr/m/it on input line 33.
LaTeX Font Info:    Overwriting math alphabet `\mathtt' in version `normal'
(Font)                  OT1/cmtt/m/n --> OT1/lmtt/m/n on input line 34.
LaTeX Font Info:    Overwriting math alphabet `\mathbf' in version `bold'
(Font)                  OT1/cmr/bx/n --> OT1/lmr/bx/n on input line 35.
LaTeX Font Info:    Overwriting math alphabet `\mathsf' in version `bold'
(Font)                  OT1/cmss/bx/n --> OT1/lmss/bx/n on input line 36.
LaTeX Font Info:    Overwriting math alphabet `\mathit' in version `bold'
(Font)                  OT1/cmr/bx/it --> OT1/lmr/bx/it on input line 37.
LaTeX Font Info:    Overwriting math alphabet `\mathtt' in version `bold'
(Font)                  OT1/cmtt/m/n --> OT1/lmtt/m/n on input line 38.
) (/Users/dom05/Library/TinyTeX/texmf-dist/tex/latex/upquote/upquote.sty
Package: upquote 2012/04/19 v1.3 upright-quote and grave-accent glyphs in verbatim
) (/Users/dom05/Library/TinyTeX/texmf-dist/tex/latex/microtype/microtype.sty
Package: microtype 2025/07/09 v3.2b Micro-typographical refinements (RS)
(/Users/dom05/Library/TinyTeX/texmf-dist/tex/latex/graphics/keyval.sty
Package: keyval 2022/05/29 v1.15 key=value parser (DPC)
\KV@toks@=\toks24
) (/Users/dom05/Library/TinyTeX/texmf-dist/tex/latex/etoolbox/etoolbox.sty
Package: etoolbox 2025/10/02 v2.5m e-TeX tools for LaTeX (JAW)
\etb@tempcnta=\count295
)
\MT@toks=\toks25
\MT@tempbox=\box55
\MT@count=\count296
LaTeX Info: Redefining \noprotrusionifhmode on input line 1087.
LaTeX Info: Redefining \leftprotrusion on input line 1088.
\MT@prot@toks=\toks26
LaTeX Info: Redefining \rightprotrusion on input line 1107.
LaTeX Info: Redefining \textls on input line 1449.
\MT@outer@kern=\dimen158
LaTeX Info: Redefining \microtypecontext on input line 2053.
LaTeX Info: Redefining \textmicrotypecontext on input line 2070.
\MT@listname@count=\count297
(/Users/dom05/Library/TinyTeX/texmf-dist/tex/latex/microtype/microtype-pdftex.def
File: microtype-pdftex.def 2025/07/09 v3.2b Definitions specific to pdftex (RS)
LaTeX Info: Redefining \lsstyle on input line 944.
LaTeX Info: Redefining \lslig on input line 944.
\MT@outer@space=\skip54
)
Package microtype Info: Loading configuration file microtype.cfg.
(/Users/dom05/Library/TinyTeX/texmf-dist/tex/latex/microtype/microtype.cfg
File: microtype.cfg 2025/07/09 v3.2b microtype main configuration file (RS)
)
LaTeX Info: Redefining \microtypesetup on input line 3065.
) (/Users/dom05/Library/TinyTeX/texmf-dist/tex/latex/parskip/parskip.sty
Package: parskip 2021-03-14 v2.0h non-zero parskip adjustments
(/Users/dom05/Library/TinyTeX/texmf-dist/tex/latex/kvoptions/kvoptions.sty
Package: kvoptions 2022-06-15 v3.15 Key value format for package options (HO)
(/Users/dom05/Library/TinyTeX/texmf-dist/tex/generic/ltxcmds/ltxcmds.sty
Package: ltxcmds 2023-12-04 v1.26 LaTeX kernel commands for general use (HO)
) (/Users/dom05/Library/TinyTeX/texmf-dist/tex/latex/kvsetkeys/kvsetkeys.sty
Package: kvsetkeys 2022-10-05 v1.19 Key value parser (HO)
))) (/Users/dom05/Library/TinyTeX/texmf-dist/tex/latex/xcolor/xcolor.sty
Package: xcolor 2024/09/29 v3.02 LaTeX color extensions (UK)
(/Users/dom05/Library/TinyTeX/texmf-dist/tex/latex/graphics-cfg/color.cfg
File: color.cfg 2016/01/02 v1.6 sample color configuration
)
Package xcolor Info: Driver file: pdftex.def on input line 274.
(/Users/dom05/Library/TinyTeX/texmf-dist/tex/latex/graphics-def/pdftex.def
File: pdftex.def 2025/09/29 v1.2d Graphics/color driver for pdftex
) (/Users/dom05/Library/TinyTeX/texmf-dist/tex/latex/graphics/mathcolor.ltx)
Package xcolor Info: Model `cmy' substituted by `cmy0' on input line 1349.
Package xcolor Info: Model `hsb' substituted by `rgb' on input line 1353.
Package xcolor Info: Model `RGB' extended on input line 1365.
Package xcolor Info: Model `HTML' substituted by `rgb' on input line 1367.
Package xcolor Info: Model `Hsb' substituted by `hsb' on input line 1368.
Package xcolor Info: Model `tHsb' substituted by `hsb' on input line 1369.
Package xcolor Info: Model `HSB' substituted by `hsb' on input line 1370.
Package xcolor Info: Model `Gray' substituted by `gray' on input line 1371.
Package xcolor Info: Model `wave' substituted by `hsb' on input line 1372.
) (/Users/dom05/Library/TinyTeX/texmf-dist/tex/latex/geometry/geometry.sty
Package: geometry 2020/01/02 v5.9 Page Geometry
(/Users/dom05/Library/TinyTeX/texmf-dist/tex/generic/iftex/ifvtex.sty
Package: ifvtex 2019/10/25 v1.7 ifvtex legacy package. Use iftex instead.
)
\Gm@cnth=\count298
\Gm@cntv=\count299
\c@Gm@tempcnt=\count300
\Gm@bindingoffset=\dimen159
\Gm@wd@mp=\dimen160
\Gm@odd@mp=\dimen161
\Gm@even@mp=\dimen162
\Gm@layoutwidth=\dimen163
\Gm@layoutheight=\dimen164
\Gm@layouthoffset=\dimen165
\Gm@layoutvoffset=\dimen166
\Gm@dimlist=\toks27
) (/Users/dom05/Library/TinyTeX/texmf-dist/tex/latex/fancyvrb/fancyvrb.sty
Package: fancyvrb 2025/07/28 4.6 verbatim text (tvz,hv)
\FV@CodeLineNo=\count301
\FV@InFile=\read2
\FV@TabBox=\box56
\c@FancyVerbLine=\count302
\FV@StepNumber=\count303
\FV@OutFile=\write3
) (/Users/dom05/Library/TinyTeX/texmf-dist/tex/latex/framed/framed.sty
Package: framed 2011/10/22 v 0.96: framed or shaded text with page breaks
\OuterFrameSep=\skip55
\fb@frw=\dimen167
\fb@frh=\dimen168
\FrameRule=\dimen169
\FrameSep=\dimen170
) (/Users/dom05/Library/TinyTeX/texmf-dist/tex/latex/tools/longtable.sty
Package: longtable 2025-10-13 v4.24 Multi-page Table package (DPC)
\LTleft=\skip56
\LTright=\skip57
\LTpre=\skip58
\LTpost=\skip59
\LTchunksize=\count304
\LTcapwidth=\dimen171
\LT@head=\box57
\LT@firsthead=\box58
\LT@foot=\box59
\LT@lastfoot=\box60
\LT@gbox=\box61
\LT@cols=\count305
\LT@rows=\count306
\c@LT@tables=\count307
\c@LT@chunks=\count308
\LT@p@ftn=\toks28
) (/Users/dom05/Library/TinyTeX/texmf-dist/tex/latex/booktabs/booktabs.sty
Package: booktabs 2020/01/12 v1.61803398 Publication quality tables
\heavyrulewidth=\dimen172
\lightrulewidth=\dimen173
\cmidrulewidth=\dimen174
\belowrulesep=\dimen175
\belowbottomsep=\dimen176
\aboverulesep=\dimen177
\abovetopsep=\dimen178
\cmidrulesep=\dimen179
\cmidrulekern=\dimen180
\defaultaddspace=\dimen181
\@cmidla=\count309
\@cmidlb=\count310
\@aboverulesep=\dimen182
\@belowrulesep=\dimen183
\@thisruleclass=\count311
\@lastruleclass=\count312
\@thisrulewidth=\dimen184
) (/Users/dom05/Library/TinyTeX/texmf-dist/tex/latex/tools/array.sty
Package: array 2025/09/25 v2.6n Tabular extension package (FMi)
\col@sep=\dimen185
\ar@mcellbox=\box62
\extrarowheight=\dimen186
\NC@list=\toks29
\extratabsurround=\skip60
\backup@length=\skip61
\ar@cellbox=\box63
) (/Users/dom05/Library/TinyTeX/texmf-dist/tex/latex/tools/calc.sty
Package: calc 2025/03/01 v4.3b Infix arithmetic (KKT,FJ)
\calc@Acount=\count313
\calc@Bcount=\count314
\calc@Adimen=\dimen187
\calc@Bdimen=\dimen188
\calc@Askip=\skip62
\calc@Bskip=\skip63
LaTeX Info: Redefining \setlength on input line 86.
LaTeX Info: Redefining \addtolength on input line 87.
\calc@Ccount=\count315
\calc@Cskip=\skip64
) (/Users/dom05/Library/TinyTeX/texmf-dist/tex/latex/mdwtools/footnote.sty
Package: footnote 1997/01/28 1.13 Save footnotes around boxes
\fn@notes=\box64
\fn@width=\dimen189
) (/Users/dom05/Library/TinyTeX/texmf-dist/tex/latex/graphics/graphicx.sty
Package: graphicx 2024/12/31 v1.2e Enhanced LaTeX Graphics (DPC,SPQR)
(/Users/dom05/Library/TinyTeX/texmf-dist/tex/latex/graphics/graphics.sty
Package: graphics 2024/08/06 v1.4g Standard LaTeX Graphics (DPC,SPQR)
(/Users/dom05/Library/TinyTeX/texmf-dist/tex/latex/graphics/trig.sty
Package: trig 2023/12/02 v1.11 sin cos tan (DPC)
) (/Users/dom05/Library/TinyTeX/texmf-dist/tex/latex/graphics-cfg/graphics.cfg
File: graphics.cfg 2016/06/04 v1.11 sample graphics configuration
)
Package graphics Info: Driver file: pdftex.def on input line 106.
)
\Gin@req@height=\dimen190
\Gin@req@width=\dimen191
) (/Users/dom05/Library/TinyTeX/texmf-dist/tex/latex/bookmark/bookmark.sty
Package: bookmark 2023-12-10 v1.31 PDF bookmarks (HO)
(/Users/dom05/Library/TinyTeX/texmf-dist/tex/latex/hyperref/hyperref.sty
Package: hyperref 2026-01-29 v7.01p Hypertext links for LaTeX
(/Users/dom05/Library/TinyTeX/texmf-dist/tex/generic/kvdefinekeys/kvdefinekeys.sty
Package: kvdefinekeys 2019-12-19 v1.6 Define keys (HO)
) (/Users/dom05/Library/TinyTeX/texmf-dist/tex/generic/pdfescape/pdfescape.sty
Package: pdfescape 2019/12/09 v1.15 Implements pdfTeX's escape features (HO)
(/Users/dom05/Library/TinyTeX/texmf-dist/tex/generic/pdftexcmds/pdftexcmds.sty
Package: pdftexcmds 2020-06-27 v0.33 Utility functions of pdfTeX for LuaTeX (HO)
(/Users/dom05/Library/TinyTeX/texmf-dist/tex/generic/infwarerr/infwarerr.sty
Package: infwarerr 2019/12/03 v1.5 Providing info/warning/error messages (HO)
)
Package pdftexcmds Info: \pdf@primitive is available.
Package pdftexcmds Info: \pdf@ifprimitive is available.
Package pdftexcmds Info: \pdfdraftmode found.
)) (/Users/dom05/Library/TinyTeX/texmf-dist/tex/latex/hycolor/hycolor.sty
Package: hycolor 2020-01-27 v1.10 Color options for hyperref/bookmark (HO)
) (/Users/dom05/Library/TinyTeX/texmf-dist/tex/latex/hyperref/nameref.sty
Package: nameref 2026-01-29 v2.58 Cross-referencing by name of section
(/Users/dom05/Library/TinyTeX/texmf-dist/tex/latex/refcount/refcount.sty
Package: refcount 2019/12/15 v3.6 Data extraction from label references (HO)
) (/Users/dom05/Library/TinyTeX/texmf-dist/tex/generic/gettitlestring/gettitlestring.sty
Package: gettitlestring 2019/12/15 v1.6 Cleanup title references (HO)
)
\c@section@level=\count316
) (/Users/dom05/Library/TinyTeX/texmf-dist/tex/generic/stringenc/stringenc.sty
Package: stringenc 2019/11/29 v1.12 Convert strings between diff. encodings (HO)
)
\@linkdim=\dimen192
\Hy@linkcounter=\count317
\Hy@pagecounter=\count318
(/Users/dom05/Library/TinyTeX/texmf-dist/tex/latex/hyperref/pd1enc.def
File: pd1enc.def 2026-01-29 v7.01p Hyperref: PDFDocEncoding definition (HO)
Now handling font encoding PD1 ...
... no UTF-8 mapping file for font encoding PD1
) (/Users/dom05/Library/TinyTeX/texmf-dist/tex/generic/intcalc/intcalc.sty
Package: intcalc 2019/12/15 v1.3 Expandable calculations with integers (HO)
)
\Hy@SavedSpaceFactor=\count319
(/Users/dom05/Library/TinyTeX/texmf-dist/tex/latex/hyperref/puenc.def
File: puenc.def 2026-01-29 v7.01p Hyperref: PDF Unicode definition (HO)
Now handling font encoding PU ...
... no UTF-8 mapping file for font encoding PU
)
Package hyperref Info: Option `unicode' set `true' on input line 4072.
Package hyperref Info: Hyper figures OFF on input line 4201.
Package hyperref Info: Link nesting OFF on input line 4206.
Package hyperref Info: Hyper index ON on input line 4209.
Package hyperref Info: Plain pages OFF on input line 4216.
Package hyperref Info: Backreferencing OFF on input line 4221.
Package hyperref Info: Implicit mode ON; LaTeX internals redefined.
Package hyperref Info: Bookmarks ON on input line 4468.
\c@Hy@tempcnt=\count320
(/Users/dom05/Library/TinyTeX/texmf-dist/tex/latex/url/url.sty
\Urlmuskip=\muskip18
Package: url 2013/09/16  ver 3.4  Verb mode for urls, etc.
)
LaTeX Info: Redefining \url on input line 4807.
\XeTeXLinkMargin=\dimen193
(/Users/dom05/Library/TinyTeX/texmf-dist/tex/generic/bitset/bitset.sty
Package: bitset 2019/12/09 v1.3 Handle bit-vector datatype (HO)
(/Users/dom05/Library/TinyTeX/texmf-dist/tex/generic/bigintcalc/bigintcalc.sty
Package: bigintcalc 2019/12/15 v1.5 Expandable calculations on big integers (HO)
))
\Fld@menulength=\count321
\Field@Width=\dimen194
\Fld@charsize=\dimen195
Package hyperref Info: Hyper figures OFF on input line 6084.
Package hyperref Info: Link nesting OFF on input line 6089.
Package hyperref Info: Hyper index ON on input line 6092.
Package hyperref Info: backreferencing OFF on input line 6099.
Package hyperref Info: Link coloring OFF on input line 6104.
Package hyperref Info: Link coloring with OCG OFF on input line 6109.
Package hyperref Info: PDF/A mode OFF on input line 6114.
\Hy@abspage=\count322
\c@Item=\count323
\c@Hfootnote=\count324
)
Package hyperref Info: Driver (autodetected): hpdftex.
(/Users/dom05/Library/TinyTeX/texmf-dist/tex/latex/hyperref/hpdftex.def
File: hpdftex.def 2026-01-29 v7.01p Hyperref driver for pdfTeX
\Fld@listcount=\count325
\c@bookmark@seq@number=\count326
(/Users/dom05/Library/TinyTeX/texmf-dist/tex/latex/rerunfilecheck/rerunfilecheck.sty
Package: rerunfilecheck 2025-06-21 v1.11 Rerun checks for auxiliary files (HO)
(/Users/dom05/Library/TinyTeX/texmf-dist/tex/generic/uniquecounter/uniquecounter.sty
Package: uniquecounter 2019/12/15 v1.4 Provide unlimited unique counter (HO)
)
Package uniquecounter Info: New unique counter `rerunfilecheck' on input line 284.
)
\Hy@SectionHShift=\skip65
) (/Users/dom05/Library/TinyTeX/texmf-dist/tex/latex/bookmark/bkm-pdftex.def
File: bkm-pdftex.def 2023-12-10 v1.31 bookmark driver for pdfTeX and luaTeX (HO)
\BKM@id=\count327
))
LaTeX Font Info:    Trying to load font information for T1+lmr on input line 125.
(/Users/dom05/Library/TinyTeX/texmf-dist/tex/latex/lm/t1lmr.fd
File: t1lmr.fd 2015/05/01 v1.6.1 Font defs for Latin Modern
) (/Users/dom05/Library/TinyTeX/texmf-dist/tex/latex/l3backend/l3backend-pdftex.def
File: l3backend-pdftex.def 2025-10-09 L3 backend support: PDF output (pdfTeX)
\l__color_backend_stack_int=\count328
) (./FinalProjectDraft.aux)
\openout1 = `FinalProjectDraft.aux'.

LaTeX Font Info:    Checking defaults for OML/cmm/m/it on input line 125.
LaTeX Font Info:    ... okay on input line 125.
LaTeX Font Info:    Checking defaults for OMS/cmsy/m/n on input line 125.
LaTeX Font Info:    ... okay on input line 125.
LaTeX Font Info:    Checking defaults for OT1/cmr/m/n on input line 125.
LaTeX Font Info:    ... okay on input line 125.
LaTeX Font Info:    Checking defaults for T1/cmr/m/n on input line 125.
LaTeX Font Info:    ... okay on input line 125.
LaTeX Font Info:    Checking defaults for TS1/cmr/m/n on input line 125.
LaTeX Font Info:    ... okay on input line 125.
LaTeX Font Info:    Checking defaults for OMX/cmex/m/n on input line 125.
LaTeX Font Info:    ... okay on input line 125.
LaTeX Font Info:    Checking defaults for U/cmr/m/n on input line 125.
LaTeX Font Info:    ... okay on input line 125.
LaTeX Font Info:    Checking defaults for PD1/pdf/m/n on input line 125.
LaTeX Font Info:    ... okay on input line 125.
LaTeX Font Info:    Checking defaults for PU/pdf/m/n on input line 125.
LaTeX Font Info:    ... okay on input line 125.
LaTeX Info: Redefining \microtypecontext on input line 125.
Package microtype Info: Applying patch `item' on input line 125.
Package microtype Info: Applying patch `toc' on input line 125.
Package microtype Info: Applying patch `eqnum' on input line 125.

Package microtype Warning: Unable to apply patch `footnote' on input line 125.

Package microtype Info: Applying patch `verbatim' on input line 125.
LaTeX Info: Redefining \microtypesetup on input line 125.
Package microtype Info: Generating PDF output.
Package microtype Info: Character protrusion enabled (level 2).
Package microtype Info: Using protrusion set `basicmath'.
Package microtype Info: Automatic font expansion enabled (level 2),
(microtype)             stretch: 20, shrink: 20, step: 1, non-selected.
Package microtype Info: Using default expansion set `alltext-nott'.
Package microtype Info: Patching command `\showhyphens'.
Package microtype Info: No adjustment of tracking.
Package microtype Info: No adjustment of interword spacing.
Package microtype Info: No adjustment of character kerning.
(/Users/dom05/Library/TinyTeX/texmf-dist/tex/latex/microtype/mt-cmr.cfg
File: mt-cmr.cfg 2013/05/19 v2.2 microtype config. file: Computer Modern Roman (RS)
) (/Users/dom05/Library/TinyTeX/texmf-dist/tex/latex/epstopdf-pkg/epstopdf-base.sty
Package: epstopdf-base 2020-01-24 v2.11 Base part for package epstopdf
Package epstopdf-base Info: Redefining graphics rule for `.eps' on input line 485.
(/Users/dom05/Library/TinyTeX/texmf-dist/tex/latex/latexconfig/epstopdf-sys.cfg
File: epstopdf-sys.cfg 2010/07/13 v1.3 Configuration of (r)epstopdf for TeX Live
))
*geometry* driver: auto-detecting
*geometry* detected driver: pdftex
*geometry* verbose mode - [ preamble ] result:
* driver: pdftex
* paper: <default>
* layout: <same size as paper>
* layoutoffset:(h,v)=(0.0pt,0.0pt)
* modes: 
* h-part:(L,W,R)=(72.26999pt, 469.75502pt, 72.26999pt)
* v-part:(T,H,B)=(72.26999pt, 650.43001pt, 72.26999pt)
* \paperwidth=614.295pt
* \paperheight=794.96999pt
* \textwidth=469.75502pt
* \textheight=650.43001pt
* \oddsidemargin=0.0pt
* \evensidemargin=0.0pt
* \topmargin=-37.0pt
* \headheight=12.0pt
* \headsep=25.0pt
* \topskip=11.0pt
* \footskip=30.0pt
* \marginparwidth=59.0pt
* \marginparsep=10.0pt
* \columnsep=10.0pt
* \skip\footins=10.0pt plus 4.0pt minus 2.0pt
* \hoffset=0.0pt
* \voffset=0.0pt
* \mag=1000
* \@twocolumnfalse
* \@twosidefalse
* \@mparswitchfalse
* \@reversemarginfalse
* (1in=72.27pt=25.4mm, 1cm=28.453pt)

Package hyperref Info: Link coloring OFF on input line 125.
LaTeX Font Info:    Trying to load font information for OT1+lmr on input line 127.
(/Users/dom05/Library/TinyTeX/texmf-dist/tex/latex/lm/ot1lmr.fd
File: ot1lmr.fd 2015/05/01 v1.6.1 Font defs for Latin Modern
)
LaTeX Font Info:    Trying to load font information for OML+lmm on input line 127.
(/Users/dom05/Library/TinyTeX/texmf-dist/tex/latex/lm/omllmm.fd
File: omllmm.fd 2015/05/01 v1.6.1 Font defs for Latin Modern
)
LaTeX Font Info:    Trying to load font information for OMS+lmsy on input line 127.
(/Users/dom05/Library/TinyTeX/texmf-dist/tex/latex/lm/omslmsy.fd
File: omslmsy.fd 2015/05/01 v1.6.1 Font defs for Latin Modern
)
LaTeX Font Info:    Trying to load font information for OMX+lmex on input line 127.
(/Users/dom05/Library/TinyTeX/texmf-dist/tex/latex/lm/omxlmex.fd
File: omxlmex.fd 2015/05/01 v1.6.1 Font defs for Latin Modern
)
LaTeX Font Info:    External font `lmex10' loaded for size
(Font)              <12> on input line 127.
LaTeX Font Info:    External font `lmex10' loaded for size
(Font)              <8> on input line 127.
LaTeX Font Info:    External font `lmex10' loaded for size
(Font)              <6> on input line 127.
LaTeX Font Info:    Trying to load font information for U+msa on input line 127.
(/Users/dom05/Library/TinyTeX/texmf-dist/tex/latex/amsfonts/umsa.fd
File: umsa.fd 2013/01/14 v3.01 AMS symbols A
) (/Users/dom05/Library/TinyTeX/texmf-dist/tex/latex/microtype/mt-msa.cfg
File: mt-msa.cfg 2006/02/04 v1.1 microtype config. file: AMS symbols (a) (RS)
)
LaTeX Font Info:    Trying to load font information for U+msb on input line 127.
(/Users/dom05/Library/TinyTeX/texmf-dist/tex/latex/amsfonts/umsb.fd
File: umsb.fd 2013/01/14 v3.01 AMS symbols B
) (/Users/dom05/Library/TinyTeX/texmf-dist/tex/latex/microtype/mt-msb.cfg
File: mt-msb.cfg 2005/06/01 v1.0 microtype config. file: AMS symbols (b) (RS)
) [1

{/Users/dom05/Library/TinyTeX/texmf-var/fonts/map/pdftex/updmap/pdftex.map}{/Users/dom05/Library/TinyTeX/texmf-dist/fonts/enc/dvips/lm/lm-ec.enc}]
LaTeX Font Info:    Trying to load font information for T1+lmtt on input line 204.
(/Users/dom05/Library/TinyTeX/texmf-dist/tex/latex/lm/t1lmtt.fd
File: t1lmtt.fd 2015/05/01 v1.6.1 Font defs for Latin Modern
)
LaTeX Font Info:    Trying to load font information for TS1+lmr on input line 214.
(/Users/dom05/Library/TinyTeX/texmf-dist/tex/latex/lm/ts1lmr.fd
File: ts1lmr.fd 2015/05/01 v1.6.1 Font defs for Latin Modern
) [2{/Users/dom05/Library/TinyTeX/texmf-dist/fonts/enc/dvips/lm/lm-ts1.enc}]
<FinalProjectDraft_files/figure-latex/unnamed-chunk-2-1.pdf, id=30, 423.5825pt x 185.69376pt>
File: FinalProjectDraft_files/figure-latex/unnamed-chunk-2-1.pdf Graphic file (type pdf)
<use FinalProjectDraft_files/figure-latex/unnamed-chunk-2-1.pdf>
Package pdftex.def Info: FinalProjectDraft_files/figure-latex/unnamed-chunk-2-1.pdf  used on input line 279.
(pdftex.def)             Requested size: 423.59439pt x 185.69896pt.
<FinalProjectDraft_files/figure-latex/unnamed-chunk-2-2.pdf, id=31, 423.5825pt x 185.69376pt>
File: FinalProjectDraft_files/figure-latex/unnamed-chunk-2-2.pdf Graphic file (type pdf)
<use FinalProjectDraft_files/figure-latex/unnamed-chunk-2-2.pdf>
Package pdftex.def Info: FinalProjectDraft_files/figure-latex/unnamed-chunk-2-2.pdf  used on input line 281.
(pdftex.def)             Requested size: 423.59439pt x 185.69896pt.
[3 <./FinalProjectDraft_files/figure-latex/unnamed-chunk-2-1.pdf>]
<FinalProjectDraft_files/figure-latex/unnamed-chunk-3-1.pdf, id=47, 423.5825pt x 185.69376pt>
File: FinalProjectDraft_files/figure-latex/unnamed-chunk-3-1.pdf Graphic file (type pdf)
<use FinalProjectDraft_files/figure-latex/unnamed-chunk-3-1.pdf>
Package pdftex.def Info: FinalProjectDraft_files/figure-latex/unnamed-chunk-3-1.pdf  used on input line 292.
(pdftex.def)             Requested size: 423.59439pt x 185.69896pt.
<FinalProjectDraft_files/figure-latex/unnamed-chunk-4-1.pdf, id=48, 423.5825pt x 185.69376pt>
File: FinalProjectDraft_files/figure-latex/unnamed-chunk-4-1.pdf Graphic file (type pdf)
<use FinalProjectDraft_files/figure-latex/unnamed-chunk-4-1.pdf>
Package pdftex.def Info: FinalProjectDraft_files/figure-latex/unnamed-chunk-4-1.pdf  used on input line 303.
(pdftex.def)             Requested size: 423.59439pt x 185.69896pt.
[4 <./FinalProjectDraft_files/figure-latex/unnamed-chunk-2-2.pdf> <./FinalProjectDraft_files/figure-latex/unnamed-chunk-3-1.pdf>]
<FinalProjectDraft_files/figure-latex/unnamed-chunk-5-1.pdf, id=73, 417.56pt x 183.68625pt>
File: FinalProjectDraft_files/figure-latex/unnamed-chunk-5-1.pdf Graphic file (type pdf)
<use FinalProjectDraft_files/figure-latex/unnamed-chunk-5-1.pdf>
Package pdftex.def Info: FinalProjectDraft_files/figure-latex/unnamed-chunk-5-1.pdf  used on input line 313.
(pdftex.def)             Requested size: 417.58444pt x 183.69698pt.
<FinalProjectDraft_files/figure-latex/unnamed-chunk-6-1.pdf, id=74, 417.56pt x 185.69376pt>
File: FinalProjectDraft_files/figure-latex/unnamed-chunk-6-1.pdf Graphic file (type pdf)
<use FinalProjectDraft_files/figure-latex/unnamed-chunk-6-1.pdf>
Package pdftex.def Info: FinalProjectDraft_files/figure-latex/unnamed-chunk-6-1.pdf  used on input line 315.
(pdftex.def)             Requested size: 417.5717pt x 185.69896pt.
[5 <./FinalProjectDraft_files/figure-latex/unnamed-chunk-4-1.pdf> <./FinalProjectDraft_files/figure-latex/unnamed-chunk-5-1.pdf>]
LaTeX Font Info:    External font `lmex10' loaded for size
(Font)              <10.95> on input line 349.
[6{/Users/dom05/Library/TinyTeX/texmf-dist/fonts/enc/dvips/lm/lm-mathit.enc}{/Users/dom05/Library/TinyTeX/texmf-dist/fonts/enc/dvips/lm/lm-rm.enc}{/Users/dom05/Library/TinyTeX/texmf-dist/fonts/enc/dvips/lm/lm-mathex.enc}{/Users/dom05/Library/TinyTeX/texmf-dist/fonts/enc/dvips/lm/lm-mathsy.enc} <./FinalProjectDraft_files/figure-latex/unnamed-chunk-6-1.pdf>]
Overfull \hbox (48.05336pt too wide) detected at line 378
\OML/lmm/m/it/10.95 ^^V[] \OT1/lmr/m/n/10.95 = \OML/lmm/m/it/10.95 ^^L[] \OT1/lmr/m/n/10.95 + \OML/lmm/m/it/10.95 ^^L[][] \OT1/lmr/m/n/10.95 + \OML/lmm/m/it/10.95 ^^L[]Salary[] \OT1/lmr/m/n/10.95 + \OML/lmm/m/it/10.95 ^^L[]Age[] \OT1/lmr/m/n/10.95 + \OML/lmm/m/it/10.95 ^^L[]Top\OT1/lmr/m/n/10.95 3\OML/lmm/m/it/10.95 Share[] \OT1/lmr/m/n/10.95 + \OML/lmm/m/it/10.95 ^^L[]U\OT1/lmr/m/n/10.95 22[] + \OML/lmm/m/it/10.95 ^^L[]ForwardShare[] \OT1/lmr/m/n/10.95 + \OML/lmm/m/it/10.95 ^^L[]MidfieldShare[] \OT1/lmr/m/n/10.95 + \OML/lmm/m/it/10.95 u[]
 []

LaTeX Font Info:    External font `lmex10' loaded for size
(Font)              <9> on input line 436.
LaTeX Font Info:    External font `lmex10' loaded for size
(Font)              <5> on input line 436.
[7]
LaTeX Font Info:    Trying to load font information for TS1+lmtt on input line 467.
(/Users/dom05/Library/TinyTeX/texmf-dist/tex/latex/lm/ts1lmtt.fd
File: ts1lmtt.fd 2015/05/01 v1.6.1 Font defs for Latin Modern
)
Overfull \hbox (1.64113pt too wide) in paragraph at lines 498--498
[]\TS1/lmtt/m/n/10.95 ˆ   \T1/lmtt/m/n/10.95 95% confidence intervals: To verify that the effects of Gini and TAM-depth are[] 
 []


Overfull \hbox (18.88733pt too wide) in paragraph at lines 498--498
[]\TS1/lmtt/m/n/10.95 ˆ   \T1/lmtt/m/n/10.95 Sensitivity Analysis: Testing the model with and without extreme salary outliers.[] 
 []

[8]
<FinalProjectDraft_files/figure-latex/unnamed-chunk-8-1.pdf, id=158, 565.11125pt x 422.57875pt>
File: FinalProjectDraft_files/figure-latex/unnamed-chunk-8-1.pdf Graphic file (type pdf)
<use FinalProjectDraft_files/figure-latex/unnamed-chunk-8-1.pdf>
Package pdftex.def Info: FinalProjectDraft_files/figure-latex/unnamed-chunk-8-1.pdf  used on input line 577.
(pdftex.def)             Requested size: 469.76654pt x 351.2819pt.
[9] [10 <./FinalProjectDraft_files/figure-latex/unnamed-chunk-8-1.pdf>] [11] [12] [13] [14] [15]
Overfull \hbox (7.38986pt too wide) in paragraph at lines 1024--1024
[]\T1/lmtt/m/n/10.95 ##    term                 estimate std.error statistic  p.value conf.low conf.high[] 
 []


Overfull \hbox (7.38986pt too wide) in paragraph at lines 1024--1024
[]\T1/lmtt/m/n/10.95 ##    <chr>                   <dbl>     <dbl>     <dbl>    <dbl>    <dbl>     <dbl>[] 
 []


Overfull \hbox (7.38986pt too wide) in paragraph at lines 1024--1024
[]\T1/lmtt/m/n/10.95 ##  1 (Intercept)           2.66e+1   1.77e+1    1.50   1.34e- 1 -8.23e+0   6.14e+1[] 
 []


Overfull \hbox (7.38986pt too wide) in paragraph at lines 1024--1024
[]\T1/lmtt/m/n/10.95 ##  2 predicted_team_value  7.81e-2   7.00e-3   11.2    2.24e-24  6.43e-2   9.18e-2[] 
 []


Overfull \hbox (7.38986pt too wide) in paragraph at lines 1024--1024
[]\T1/lmtt/m/n/10.95 ##  3 player_total_salary  -9.00e-7   1.79e-7   -5.03   8.58e- 7 -1.25e-6  -5.48e-7[] 
 []


Overfull \hbox (7.38986pt too wide) in paragraph at lines 1024--1024
[]\T1/lmtt/m/n/10.95 ##  4 factor(season_name)~ -2.71e+0   3.19e+0   -0.849  3.96e- 1 -9.00e+0   3.57e+0[] 
 []


Overfull \hbox (7.38986pt too wide) in paragraph at lines 1024--1024
[]\T1/lmtt/m/n/10.95 ##  5 factor(season_name)~ -5.37e+0   3.20e+0   -1.68   9.41e- 2 -1.17e+1   9.22e-1[] 
 []


Overfull \hbox (7.38986pt too wide) in paragraph at lines 1024--1024
[]\T1/lmtt/m/n/10.95 ##  6 factor(season_name)~ -7.78e+0   3.28e+0   -2.37   1.83e- 2 -1.42e+1  -1.33e+0[] 
 []


Overfull \hbox (7.38986pt too wide) in paragraph at lines 1024--1024
[]\T1/lmtt/m/n/10.95 ##  7 factor(season_name)~ -1.19e+1   3.34e+0   -3.57   4.20e- 4 -1.85e+1  -5.34e+0[] 
 []


Overfull \hbox (7.38986pt too wide) in paragraph at lines 1024--1024
[]\T1/lmtt/m/n/10.95 ##  8 factor(season_name)~ -1.58e+1   3.44e+0   -4.60   6.29e- 6 -2.26e+1  -9.05e+0[] 
 []


Overfull \hbox (7.38986pt too wide) in paragraph at lines 1024--1024
[]\T1/lmtt/m/n/10.95 ##  9 factor(season_name)~ -1.69e+1   3.71e+0   -4.55   7.72e- 6 -2.42e+1  -9.58e+0[] 
 []


Overfull \hbox (7.38986pt too wide) in paragraph at lines 1024--1024
[]\T1/lmtt/m/n/10.95 ## 10 factor(season_name)~ -1.48e-1   3.15e+0   -0.0470 9.63e- 1 -6.34e+0   6.05e+0[] 
 []


Overfull \hbox (7.38986pt too wide) in paragraph at lines 1024--1024
[]\T1/lmtt/m/n/10.95 ## 11 factor(season_name)~ -1.87e+1   3.46e+0   -5.39   1.40e- 7 -2.55e+1  -1.19e+1[] 
 []


Overfull \hbox (7.38986pt too wide) in paragraph at lines 1024--1024
[]\T1/lmtt/m/n/10.95 ## 12 factor(season_name)~ -1.98e+1   3.57e+0   -5.54   6.61e- 8 -2.68e+1  -1.27e+1[] 
 []


Overfull \hbox (7.38986pt too wide) in paragraph at lines 1024--1024
[]\T1/lmtt/m/n/10.95 ## 13 factor(season_name)~ -2.03e+1   3.88e+0   -5.24   2.98e- 7 -2.80e+1  -1.27e+1[] 
 []


Overfull \hbox (7.38986pt too wide) in paragraph at lines 1024--1024
[]\T1/lmtt/m/n/10.95 ## 14 factor(season_name)~ -2.52e+1   3.90e+0   -6.46   4.29e-10 -3.28e+1  -1.75e+1[] 
 []


Overfull \hbox (7.38986pt too wide) in paragraph at lines 1024--1024
[]\T1/lmtt/m/n/10.95 ## 15 factor(season_name)~ -2.58e+1   3.98e+0   -6.48   3.73e-10 -3.37e+1  -1.80e+1[] 
 []


Overfull \hbox (7.38986pt too wide) in paragraph at lines 1024--1024
[]\T1/lmtt/m/n/10.95 ## 16 avg_age              -2.32e+0   5.95e-1   -3.90   1.21e- 4 -3.49e+0  -1.15e+0[] 
 []


Overfull \hbox (7.38986pt too wide) in paragraph at lines 1024--1024
[]\T1/lmtt/m/n/10.95 ## 17 pct_att              -1.16e+0   1.32e+1   -0.0882 9.30e- 1 -2.71e+1   2.48e+1[] 
 []


Overfull \hbox (7.38986pt too wide) in paragraph at lines 1024--1024
[]\T1/lmtt/m/n/10.95 ## 18 pct_midfielders       2.42e+0   1.10e+1    0.221  8.26e- 1 -1.92e+1   2.40e+1[] 
 []


Overfull \hbox (7.38986pt too wide) in paragraph at lines 1044--1044
[]\T1/lmtt/m/n/10.95 ##   effect term      estimate std.error statistic    df p.value conf.low conf.high[] 
 []


Overfull \hbox (7.38986pt too wide) in paragraph at lines 1044--1044
[]\T1/lmtt/m/n/10.95 ##   <chr>  <chr>        <dbl>     <dbl>     <dbl> <dbl>   <dbl>    <dbl>     <dbl>[] 
 []


Overfull \hbox (1.64113pt too wide) in paragraph at lines 1044--1044
[]\T1/lmtt/m/n/10.95 ## 1 fixed  (Interce~   -0.161     1.15     -0.140  23.9 8.90e-1   -2.54      2.21[] 
 []


Overfull \hbox (1.64113pt too wide) in paragraph at lines 1044--1044
[]\T1/lmtt/m/n/10.95 ## 2 fixed  pred_val~    6.03      0.980     6.15  307.  2.45e-9    4.10      7.95[] 
 []


Overfull \hbox (1.64113pt too wide) in paragraph at lines 1044--1044
[]\T1/lmtt/m/n/10.95 ## 3 fixed  salary_s    -4.97      1.07     -4.66  302.  4.71e-6   -7.06     -2.87[] 
 []

[16]
Overfull \hbox (7.38986pt too wide) in paragraph at lines 1044--1044
[]\T1/lmtt/m/n/10.95 ## 4 fixed  age_s       -0.606     0.631    -0.962 309.  3.37e-1   -1.85      0.634[] 
 []


Overfull \hbox (1.64113pt too wide) in paragraph at lines 1044--1044
[]\T1/lmtt/m/n/10.95 ## 5 fixed  pct_att_s    0.438     0.827     0.529 298.  5.97e-1   -1.19      2.07[] 
 []


Overfull \hbox (1.64113pt too wide) in paragraph at lines 1044--1044
[]\T1/lmtt/m/n/10.95 ## 6 fixed  pct_mid_s    1.06      0.885     1.20  299.  2.32e-1   -0.681     2.80[] 
 []


Overfull \hbox (7.38986pt too wide) in paragraph at lines 1070--1070
[]\T1/lmtt/m/n/10.95 ##    effect   group   level      term        estimate std.error conf.low conf.high[] 
 []


Overfull \hbox (7.38986pt too wide) in paragraph at lines 1070--1070
[]\T1/lmtt/m/n/10.95 ##    <chr>    <chr>   <chr>      <chr>          <dbl>     <dbl>    <dbl>     <dbl>[] 
 []


Overfull \hbox (7.38986pt too wide) in paragraph at lines 1070--1070
[]\T1/lmtt/m/n/10.95 ##  1 ran_vals team_id 0KPqjA456v (Intercept)    -4.38      2.40  -9.09       0.326[] 
 []


Overfull \hbox (1.64113pt too wide) in paragraph at lines 1070--1070
[]\T1/lmtt/m/n/10.95 ##  2 ran_vals team_id 19vQ2095K6 (Intercept)    -2.89      2.40  -7.60       1.82[] 
 []


Overfull \hbox (1.64113pt too wide) in paragraph at lines 1070--1070
[]\T1/lmtt/m/n/10.95 ##  3 ran_vals team_id 4wM42l4qjB (Intercept)    -6.33      4.26 -14.7        2.03[] 
 []


Overfull \hbox (1.64113pt too wide) in paragraph at lines 1070--1070
[]\T1/lmtt/m/n/10.95 ##  4 ran_vals team_id 9z5k7Yg5A3 (Intercept)     3.23      2.40  -1.48       7.93[] 
 []


Overfull \hbox (7.38986pt too wide) in paragraph at lines 1070--1070
[]\T1/lmtt/m/n/10.95 ##  5 ran_vals team_id a2lqR4JMr0 (Intercept)    -4.55      2.40  -9.26       0.153[] 
 []


Overfull \hbox (1.64113pt too wide) in paragraph at lines 1070--1070
[]\T1/lmtt/m/n/10.95 ##  6 ran_vals team_id a2lqRX2Mr0 (Intercept)     4.64      2.40  -0.0695     9.34[] 
 []


Overfull \hbox (1.64113pt too wide) in paragraph at lines 1070--1070
[]\T1/lmtt/m/n/10.95 ##  7 ran_vals team_id APk5LGOMOW (Intercept)    -2.71      2.40  -7.42       1.99[] 
 []


Overfull \hbox (7.38986pt too wide) in paragraph at lines 1070--1070
[]\T1/lmtt/m/n/10.95 ##  8 ran_vals team_id EKXMeX3Q64 (Intercept)    -4.26      2.40  -8.96       0.451[] 
 []


Overfull \hbox (7.38986pt too wide) in paragraph at lines 1070--1070
[]\T1/lmtt/m/n/10.95 ## 10 ran_vals team_id gpMOLwl5zy (Intercept)    -6.82      3.38 -13.5       -0.189[] 
 []

LaTeX Font Info:    Font shape `T1/lmtt/bx/n' in size <10.95> not available
(Font)              Font shape `T1/lmtt/b/n' tried instead on input line 1075.
[17] (./FinalProjectDraft.aux)
 ***********
LaTeX2e <2025-11-01>
L3 programming layer <2026-01-19>
 ***********
 ) 
Here is how much of TeX's memory you used:
 14416 strings out of 469453
 229719 string characters out of 5467150
 689017 words of memory out of 5000000
 42617 multiletter control sequences out of 15000+600000
 691031 words of font info for 163 fonts, out of 8000000 for 9000
 36 hyphenation exceptions out of 8191
 83i,11n,93p,1014b,692s stack positions out of 10000i,1000n,20000p,200000b,200000s
</Users/dom05/Library/TinyTeX/texmf-dist/fonts/type1/public/lm/lmbx10.pfb></Users/dom05/Library/TinyTeX/texmf-dist/fonts/type1/public/lm/lmbx12.pfb></Users/dom05/Library/TinyTeX/texmf-dist/fonts/type1/public/lm/lmex10.pfb></Users/dom05/Library/TinyTeX/texmf-dist/fonts/type1/public/lm/lmmi10.pfb></Users/dom05/Library/TinyTeX/texmf-dist/fonts/type1/public/lm/lmmi8.pfb></Users/dom05/Library/TinyTeX/texmf-dist/fonts/type1/public/lm/lmr10.pfb></Users/dom05/Library/TinyTeX/texmf-dist/fonts/type1/public/lm/lmr12.pfb></Users/dom05/Library/TinyTeX/texmf-dist/fonts/type1/public/lm/lmr17.pfb></Users/dom05/Library/TinyTeX/texmf-dist/fonts/type1/public/lm/lmr6.pfb></Users/dom05/Library/TinyTeX/texmf-dist/fonts/type1/public/lm/lmr8.pfb></Users/dom05/Library/TinyTeX/texmf-dist/fonts/type1/public/lm/lmr9.pfb></Users/dom05/Library/TinyTeX/texmf-dist/fonts/type1/public/lm/lmsy10.pfb></Users/dom05/Library/TinyTeX/texmf-dist/fonts/type1/public/lm/lmsy8.pfb></Users/dom05/Library/TinyTeX/texmf-dist/fonts/type1/public/lm/lmtk10.pfb></Users/dom05/Library/TinyTeX/texmf-dist/fonts/type1/public/lm/lmtt10.pfb></Users/dom05/Library/TinyTeX/texmf-dist/fonts/type1/public/lm/lmtti10.pfb></Users/dom05/Library/TinyTeX/texmf-dist/fonts/type1/public/amsfonts/symbols/msbm10.pfb>
Output written on FinalProjectDraft.pdf (17 pages, 509282 bytes).
PDF statistics:
 519 PDF objects out of 1000 (max. 8388607)
 436 compressed objects within 5 object streams
 96 named destinations out of 1000 (max. 500000)
 35292 words of extra memory for PDF output out of 35830 (max. 10000000)

